<?xml version="1.0" encoding="UTF-8"?>
<!-- Generated by org.testng.reporters.JUnitReportReporter -->
<testsuite hostname="LAPTOP-N5V8OHI7" failures="0" tests="4" name="tests.LoginTest" time="43.244" errors="0" timestamp="2025-08-02T10:44:57 IST" skipped="0">
  <testcase classname="tests.LoginTest" name="testLoginButtonDisabledWhenFieldsAreEmpty" time="10.551"/>
  <testcase classname="tests.LoginTest" name="testValidatePresenceOfPageElements" time="10.347"/>
  <testcase classname="tests.LoginTest" name="testPasswordMaskedbutton" time="10.800"/>
  <testcase classname="tests.LoginTest" name="testInvalidLoginShowErrorMsg" time="11.546"/>
</testsuite> <!-- tests.LoginTest -->
